#! /c/Source/iverilog-install/bin/vvp
:ivl_version "12.0 (devel)" "(s20150603-1539-g2693dd32b)";
:ivl_delay_selection "TYPICAL";
:vpi_time_precision - 12;
:vpi_module "D:\iverilog\lib\ivl\system.vpi";
:vpi_module "D:\iverilog\lib\ivl\vhdl_sys.vpi";
:vpi_module "D:\iverilog\lib\ivl\vhdl_textio.vpi";
:vpi_module "D:\iverilog\lib\ivl\v2005_math.vpi";
:vpi_module "D:\iverilog\lib\ivl\va_math.vpi";
S_000001918da3bd10 .scope module, "comp_tb" "comp_tb" 2 3;
 .timescale -9 -12;
v000001918da3bf40_0 .var "a", 0 0;
v000001918dc96510_0 .var "b", 0 0;
v000001918dc965b0_0 .net "o1", 0 0, L_000001918da39810;  1 drivers
v000001918dc96650_0 .net "o2", 0 0, L_000001918da398b0;  1 drivers
v000001918dc966f0_0 .net "o3", 0 0, L_000001918dc871e0;  1 drivers
S_000001918dc96380 .scope module, "uut" "comp" 2 19, 3 1 0, S_000001918da3bd10;
 .timescale 0 0;
    .port_info 0 /INPUT 1 "a";
    .port_info 1 /INPUT 1 "b";
    .port_info 2 /OUTPUT 1 "o1";
    .port_info 3 /OUTPUT 1 "o2";
    .port_info 4 /OUTPUT 1 "o3";
L_000001918dc871e0 .functor XNOR 1, v000001918da3bf40_0, v000001918dc96510_0, C4<0>, C4<0>;
v000001918dc63150_0 .net "a", 0 0, v000001918da3bf40_0;  1 drivers
v000001918dc62cd0_0 .net "b", 0 0, v000001918dc96510_0;  1 drivers
v000001918dc9ad30_0 .net "o1", 0 0, L_000001918da39810;  alias, 1 drivers
v000001918dc9ab00_0 .net "o2", 0 0, L_000001918da398b0;  alias, 1 drivers
v000001918da3bea0_0 .net "o3", 0 0, L_000001918dc871e0;  alias, 1 drivers
L_000001918da39810 .cmp/gt 1, v000001918da3bf40_0, v000001918dc96510_0;
L_000001918da398b0 .cmp/gt 1, v000001918dc96510_0, v000001918da3bf40_0;
    .scope S_000001918da3bd10;
T_0 ;
    %vpi_call 2 7 "$dumpfile", "waves.vcd" {0 0 0};
    %vpi_call 2 8 "$dumpvars", 32'sb00000000000000000000000000000000, S_000001918da3bd10 {0 0 0};
    %end;
    .thread T_0;
    .scope S_000001918da3bd10;
T_1 ;
    %vpi_call 2 29 "$display", "Time | a b | o1 (a>b) o2 (a<b) o3 (a==b)" {0 0 0};
    %vpi_call 2 30 "$display", "-----|-----|-----------------------------" {0 0 0};
    %pushi/vec4 0, 0, 1;
    %store/vec4 v000001918da3bf40_0, 0, 1;
    %pushi/vec4 0, 0, 1;
    %store/vec4 v000001918dc96510_0, 0, 1;
    %delay 10000, 0;
    %vpi_call 2 34 "$display", "%4t | %b %b |     %b       %b       %b", $time, v000001918da3bf40_0, v000001918dc96510_0, v000001918dc965b0_0, v000001918dc96650_0, v000001918dc966f0_0 {0 0 0};
    %pushi/vec4 0, 0, 1;
    %store/vec4 v000001918da3bf40_0, 0, 1;
    %pushi/vec4 1, 0, 1;
    %store/vec4 v000001918dc96510_0, 0, 1;
    %delay 10000, 0;
    %vpi_call 2 38 "$display", "%4t | %b %b |     %b       %b       %b", $time, v000001918da3bf40_0, v000001918dc96510_0, v000001918dc965b0_0, v000001918dc96650_0, v000001918dc966f0_0 {0 0 0};
    %pushi/vec4 1, 0, 1;
    %store/vec4 v000001918da3bf40_0, 0, 1;
    %pushi/vec4 0, 0, 1;
    %store/vec4 v000001918dc96510_0, 0, 1;
    %delay 10000, 0;
    %vpi_call 2 42 "$display", "%4t | %b %b |     %b       %b       %b", $time, v000001918da3bf40_0, v000001918dc96510_0, v000001918dc965b0_0, v000001918dc96650_0, v000001918dc966f0_0 {0 0 0};
    %pushi/vec4 1, 0, 1;
    %store/vec4 v000001918da3bf40_0, 0, 1;
    %pushi/vec4 1, 0, 1;
    %store/vec4 v000001918dc96510_0, 0, 1;
    %delay 10000, 0;
    %vpi_call 2 46 "$display", "%4t | %b %b |     %b       %b       %b", $time, v000001918da3bf40_0, v000001918dc96510_0, v000001918dc965b0_0, v000001918dc96650_0, v000001918dc966f0_0 {0 0 0};
    %vpi_call 2 48 "$finish" {0 0 0};
    %end;
    .thread T_1;
# The file index is used to find the file name in the following table.
:file_names 4;
    "N/A";
    "<interactive>";
    ".\comptb.v";
    ".\comp.v";
